# JRE version: OpenJDK Runtime Environment Temurin-21.0.8+9 (21.0.8+9) (build 21.0.8+9-LTS)
# Java VM: OpenJDK 64-Bit Server VM Temurin-21.0.8+9 (21.0.8+9-LTS, mixed mode, emulated-client, sharing, tiered, compressed oops, compressed class ptrs, g1 gc, windows-amd64)
GC Precious Log:
 CardTable entry size: 512
 Card Set container configuration: InlinePtr #cards 4 size 8 Array Of Cards #cards 32 size 80 Howl #buckets 8 coarsen threshold 7372 Howl Bitmap #cards 1024 size 144 coarsen threshold 921 Card regions per heap region 1 cards per card region 8192
 CPUs: 16 total, 16 available
 Memory: 18293M
 Large Page Support: Disabled
 NUMA Support: Disabled
 Compressed Oops: Enabled (Zero based)
 Heap Region Size: 4M
 Heap Min Capacity: 8M
 Heap Initial Capacity: 288M
 Heap Max Capacity: 4576M
 Pre-touch: Disabled
 Parallel Workers: 13
 Concurrent Workers: 3
 Concurrent Refinement Workers: 13
 Periodic GC: Disabled
Heap:
 garbage-first heap   total 118784K, used 79135K [0x00000006e2000000, 0x0000000800000000)
  region size 4096K, 1 young (4096K), 1 survivors (4096K)
 Metaspace       used 68359K, committed 69120K, reserved 1114112K
  class space    used 10281K, committed 10624K, reserved 1048576K
GC Heap History (20 events):
Event: 4.752 GC heap after
{Heap after GC invocations=11 (full 0):
 garbage-first heap   total 90112K, used 22461K [0x00000006e2000000, 0x0000000800000000)
  region size 4096K, 2 young (8192K), 2 survivors (8192K)
 Metaspace       used 36603K, committed 37248K, reserved 1114112K
  class space    used 5155K, committed 5440K, reserved 1048576K
}
Event: 5.529 GC heap before
{Heap before GC invocations=11 (full 0):
 garbage-first heap   total 90112K, used 47037K [0x00000006e2000000, 0x0000000800000000)
  region size 4096K, 9 young (36864K), 2 survivors (8192K)
 Metaspace       used 42747K, committed 43328K, reserved 1114112K
  class space    used 6121K, committed 6400K, reserved 1048576K
}
Event: 5.538 GC heap after
{Heap after GC invocations=12 (full 0):
 garbage-first heap   total 90112K, used 23937K [0x00000006e2000000, 0x0000000800000000)
  region size 4096K, 1 young (4096K), 1 survivors (4096K)
 Metaspace       used 42747K, committed 43328K, reserved 1114112K
  class space    used 6121K, committed 6400K, reserved 1048576K
}
Event: 5.574 GC heap before
{Heap before GC invocations=12 (full 0):
 garbage-first heap   total 90112K, used 23937K [0x00000006e2000000, 0x0000000800000000)
  region size 4096K, 2 young (8192K), 1 survivors (4096K)
 Metaspace       used 43073K, committed 43648K, reserved 1114112K
  class space    used 6191K, committed 6464K, reserved 1048576K
}
Event: 5.577 GC heap after
{Heap after GC invocations=13 (full 0):
 garbage-first heap   total 90112K, used 23862K [0x00000006e2000000, 0x0000000800000000)
  region size 4096K, 1 young (4096K), 1 survivors (4096K)
 Metaspace       used 43073K, committed 43648K, reserved 1114112K
  class space    used 6191K, committed 6464K, reserved 1048576K
}
Event: 7.169 GC heap before
{Heap before GC invocations=14 (full 0):
 garbage-first heap   total 90112K, used 73014K [0x00000006e2000000, 0x0000000800000000)
  region size 4096K, 13 young (53248K), 1 survivors (4096K)
 Metaspace       used 54997K, committed 55616K, reserved 1114112K
  class space    used 8012K, committed 8256K, reserved 1048576K
}
Event: 7.176 GC heap after
{Heap after GC invocations=15 (full 0):
 garbage-first heap   total 110592K, used 26471K [0x00000006e2000000, 0x0000000800000000)
  region size 4096K, 2 young (8192K), 2 survivors (8192K)
 Metaspace       used 54997K, committed 55616K, reserved 1114112K
  class space    used 8012K, committed 8256K, reserved 1048576K
}
Event: 9.436 GC heap before
{Heap before GC invocations=15 (full 0):
 garbage-first heap   total 110592K, used 83815K [0x00000006e2000000, 0x0000000800000000)
  region size 4096K, 16 young (65536K), 2 survivors (8192K)
 Metaspace       used 64267K, committed 65024K, reserved 1114112K
  class space    used 9383K, committed 9728K, reserved 1048576K
}
Event: 9.449 GC heap after
{Heap after GC invocations=16 (full 0):
 garbage-first heap   total 110592K, used 29113K [0x00000006e2000000, 0x0000000800000000)
  region size 4096K, 2 young (8192K), 2 survivors (8192K)
 Metaspace       used 64267K, committed 65024K, reserved 1114112K
  class space    used 9383K, committed 9728K, reserved 1048576K
}
Event: 10.014 GC heap before
{Heap before GC invocations=16 (full 0):
 garbage-first heap   total 110592K, used 86457K [0x00000006e2000000, 0x0000000800000000)
  region size 4096K, 16 young (65536K), 2 survivors (8192K)
 Metaspace       used 67010K, committed 67712K, reserved 1114112K
  class space    used 9906K, committed 10240K, reserved 1048576K
}
Event: 10.022 GC heap after
{Heap after GC invocations=17 (full 0):
 garbage-first heap   total 110592K, used 36840K [0x00000006e2000000, 0x0000000800000000)
  region size 4096K, 2 young (8192K), 2 survivors (8192K)
 Metaspace       used 67010K, committed 67712K, reserved 1114112K
  class space    used 9906K, committed 10240K, reserved 1048576K
}
Event: 10.168 GC heap before
{Heap before GC invocations=17 (full 0):
 garbage-first heap   total 110592K, used 90088K [0x00000006e2000000, 0x0000000800000000)
  region size 4096K, 15 young (61440K), 2 survivors (8192K)
 Metaspace       used 67014K, committed 67712K, reserved 1114112K
  class space    used 9906K, committed 10240K, reserved 1048576K
}
Event: 10.182 GC heap after
{Heap after GC invocations=18 (full 0):
 garbage-first heap   total 118784K, used 54912K [0x00000006e2000000, 0x0000000800000000)
  region size 4096K, 2 young (8192K), 2 survivors (8192K)
 Metaspace       used 67014K, committed 67712K, reserved 1114112K
  class space    used 9906K, committed 10240K, reserved 1048576K
}
Event: 10.280 GC heap before
{Heap before GC invocations=18 (full 0):
 garbage-first heap   total 118784K, used 91776K [0x00000006e2000000, 0x0000000800000000)
  region size 4096K, 11 young (45056K), 2 survivors (8192K)
 Metaspace       used 67017K, committed 67712K, reserved 1114112K
  class space    used 9906K, committed 10240K, reserved 1048576K
}
Event: 10.286 GC heap after
{Heap after GC invocations=19 (full 0):
 garbage-first heap   total 118784K, used 59393K [0x00000006e2000000, 0x0000000800000000)
  region size 4096K, 1 young (4096K), 1 survivors (4096K)
 Metaspace       used 67017K, committed 67712K, reserved 1114112K
  class space    used 9906K, committed 10240K, reserved 1048576K
}
Event: 10.550 GC heap before
{Heap before GC invocations=20 (full 0):
 garbage-first heap   total 118784K, used 96257K [0x00000006e2000000, 0x0000000800000000)
  region size 4096K, 10 young (40960K), 1 survivors (4096K)
 Metaspace       used 68353K, committed 69056K, reserved 1114112K
  class space    used 10281K, committed 10624K, reserved 1048576K
}
Event: 10.554 GC heap after
{Heap after GC invocations=21 (full 0):
 garbage-first heap   total 118784K, used 64621K [0x00000006e2000000, 0x0000000800000000)
  region size 4096K, 2 young (8192K), 2 survivors (8192K)
 Metaspace       used 68353K, committed 69056K, reserved 1114112K
  class space    used 10281K, committed 10624K, reserved 1048576K
}
Event: 10.621 GC heap before
{Heap before GC invocations=21 (full 0):
 garbage-first heap   total 118784K, used 93293K [0x00000006e2000000, 0x0000000800000000)
  region size 4096K, 10 young (40960K), 2 survivors (8192K)
 Metaspace       used 68355K, committed 69056K, reserved 1114112K
  class space    used 10281K, committed 10624K, reserved 1048576K
}
Event: 10.629 GC heap after
{Heap after GC invocations=22 (full 0):
 garbage-first heap   total 118784K, used 71483K [0x00000006e2000000, 0x0000000800000000)
  region size 4096K, 2 young (8192K), 2 survivors (8192K)
 Metaspace       used 68355K, committed 69056K, reserved 1114112K
  class space    used 10281K, committed 10624K, reserved 1048576K
}
Event: 10.682 GC heap before
{Heap before GC invocations=22 (full 0):
 garbage-first heap   total 118784K, used 96059K [0x00000006e2000000, 0x0000000800000000)
  region size 4096K, 8 young (32768K), 2 survivors (8192K)
 Metaspace       used 68359K, committed 69120K, reserved 1114112K
  class space    used 10281K, committed 10624K, reserved 1048576K
}

